WARNING: Information about .sconsign.dblite may be misleading
as it can be edited after state_of_repo.log finishes running

===================================

 *** GIT STATUS ***

===================================
Last commit:

commit 24aa841faf91242a5e4de667f9b1206ee863347a
Author: Bilal Memon <bilal_memon@brown.edu>
Date:   Tue Oct 6 21:17:58 2020 -0400

    Modify read me


Files changed since last commit:


analysis/SConstruct
analysis/config_global.yaml
analysis/release/sconstruct.log
analysis/release/state_of_repo.log

===================================

 *** FILE STATUS ***

===================================
./config_user.yaml:
   modified on: 06 Oct 2020 19:57:27
   size of file: 630
./run.py:
   modified on: 06 Oct 2020 19:47:06
   size of file: 449
./state_of_repo.log:
   modified on: 06 Oct 2020 23:06:43
   size of file: 534
./SConstruct:
   modified on: 06 Oct 2020 21:56:06
   size of file: 1953
./config_global.yaml:
   modified on: 06 Oct 2020 21:39:02
   size of file: 1362
./data.txt:
   modified on: 06 Oct 2020 20:03:21
   size of file: 1988897
./sconstruct.log:
   modified on: 06 Oct 2020 23:06:43
   size of file: 278
./source/plot/plot.py:
   modified on: 06 Oct 2020 23:06:39
   size of file: 507
./source/plot/SConscript:
   modified on: 06 Oct 2020 22:02:32
   size of file: 420
./source/draw_data/draw_data.R:
   modified on: 06 Oct 2020 21:55:24
   size of file: 343
./source/draw_data/SConscript:
   modified on: 06 Oct 2020 21:41:59
   size of file: 272
./source/prepare_data/create_data.m:
   modified on: 06 Oct 2020 19:47:06
   size of file: 202
./source/prepare_data/create_data.sh:
   modified on: 06 Oct 2020 19:47:06
   size of file: 81
./source/prepare_data/create_data.do:
   modified on: 06 Oct 2020 19:47:06
   size of file: 262
./source/prepare_data/SConscript:
   modified on: 06 Oct 2020 19:56:38
   size of file: 1120
./source/prepare_data/create_data.py:
   modified on: 06 Oct 2020 19:47:06
   size of file: 260
./source/prepare_data/create_data.r:
   modified on: 06 Oct 2020 19:47:06
   size of file: 249
./source/descriptive/descriptive.py:
   modified on: 06 Oct 2020 21:06:25
   size of file: 511
./source/descriptive/SConscript:
   modified on: 06 Oct 2020 19:47:06
   size of file: 501
./release/state_of_repo.log:
   modified on: 06 Oct 2020 23:06:11
   size of file: 3848
./release/sconstruct.log:
   modified on: 06 Oct 2020 23:06:11
   size of file: 603
./release/plot/sconscript_descriptive.log:
   modified on: 06 Oct 2020 23:06:43
   size of file: 96
./release/plot/plot.eps:
   modified on: 06 Oct 2020 23:06:43
   size of file: 188151
./release/descriptive/sconscript_descriptive.log:
   modified on: 06 Oct 2020 21:06:30
   size of file: 96
./release/descriptive/plot.eps:
   modified on: 06 Oct 2020 21:06:30
   size of file: 12351
./release/descriptive/table.txt:
   modified on: 06 Oct 2020 21:06:30
   size of file: 39
./release/lg/data.txt:
   modified on: 06 Oct 2020 19:53:38
   size of file: 1988897
./build/plot/sconscript_descriptive.log:
   modified on: 06 Oct 2020 23:06:43
   size of file: 96
./build/plot/plot.eps:
   modified on: 06 Oct 2020 23:06:43
   size of file: 188151
./build/draw_data/data.csv:
   modified on: 06 Oct 2020 21:55:30
   size of file: 363000
./build/draw_data/sconscript_draw_data.log:
   modified on: 06 Oct 2020 21:55:30
   size of file: 250
./build/prepare_data/sconscript_create_data.log:
   modified on: 06 Oct 2020 19:57:52
   size of file: 1475
./build/prepare_data/data.txt:
   modified on: 06 Oct 2020 19:57:52
   size of file: 1988897
./build/descriptive/sconscript_descriptive.log:
   modified on: 06 Oct 2020 21:06:30
   size of file: 96
./build/descriptive/plot.eps:
   modified on: 06 Oct 2020 21:06:30
   size of file: 12351
./build/descriptive/table.txt:
   modified on: 06 Oct 2020 21:06:30
   size of file: 39
