WARNING: Information about .sconsign.dblite may be misleading
as it can be edited after state_of_repo.log finishes running

===================================

 *** GIT STATUS ***

===================================
Last commit:

commit 7fa253e956ae3606682e6cb7aed845c56fc33f48
Author: Bilal Memon <bilal_memon@brown.edu>
Date:   Tue Oct 6 19:58:34 2020 -0400

    execute analysis/source/prepare_data/create_data.do


Files changed since last commit:


.gitignore
README.md
analysis/release/descriptive/plot.eps
analysis/release/descriptive/sconscript_descriptive.log
analysis/release/sconstruct.log
analysis/release/state_of_repo.log
analysis/source/descriptive/descriptive.py
paper_slides/input/plot.eps
paper_slides/release/paper/ondeck.pdf
paper_slides/release/paper/online_appendix.pdf
paper_slides/release/paper/paper.pdf
paper_slides/release/paper/sconscript.log
paper_slides/release/paper/text.pdf
paper_slides/release/sconstruct.log
paper_slides/release/state_of_input.log
paper_slides/release/state_of_repo.log
paper_slides/release/talk/sconscript.log
paper_slides/release/talk/slides.pdf

===================================

 *** FILE STATUS ***

===================================
./config_user.yaml:
   modified on: 06 Oct 2020 21:10:47
   size of file: 631
./run.py:
   modified on: 06 Oct 2020 19:47:06
   size of file: 458
./state_of_repo.log:
   modified on: 06 Oct 2020 21:13:13
   size of file: 1102
./SConstruct:
   modified on: 06 Oct 2020 19:47:06
   size of file: 1818
./state_of_input.log:
   modified on: 06 Oct 2020 21:13:12
   size of file: 169
./config_global.yaml:
   modified on: 06 Oct 2020 19:47:06
   size of file: 1283
./sconstruct.log:
   modified on: 06 Oct 2020 21:13:12
   size of file: 199
./input/plot.eps:
   modified on: 06 Oct 2020 21:06:30
   size of file: 12351
./input/table.txt:
   modified on: 06 Oct 2020 21:06:30
   size of file: 39
./source/paper/paper.lyx:
   modified on: 06 Oct 2020 19:47:06
   size of file: 5236
./source/paper/online_appendix.lyx:
   modified on: 06 Oct 2020 19:47:06
   size of file: 3610
./source/paper/ondeck.lyx:
   modified on: 06 Oct 2020 19:47:06
   size of file: 2522
./source/paper/text.tex:
   modified on: 06 Oct 2020 19:47:06
   size of file: 1300
./source/paper/SConscript:
   modified on: 06 Oct 2020 19:47:06
   size of file: 699
./source/paper/text.lyx:
   modified on: 06 Oct 2020 19:47:06
   size of file: 2522
./source/tables/SConscript:
   modified on: 06 Oct 2020 19:47:06
   size of file: 266
./source/tables/table.lyx:
   modified on: 06 Oct 2020 19:47:06
   size of file: 4082
./source/figures/figure.lyx:
   modified on: 06 Oct 2020 19:47:06
   size of file: 2214
./source/talk/slides.lyx:
   modified on: 06 Oct 2020 19:47:06
   size of file: 4697
./source/talk/SConscript:
   modified on: 06 Oct 2020 19:47:06
   size of file: 259
./release/state_of_repo.log:
   modified on: 06 Oct 2020 21:10:05
   size of file: 4388
./release/state_of_input.log:
   modified on: 06 Oct 2020 21:09:56
   size of file: 169
./release/sconstruct.log:
   modified on: 06 Oct 2020 21:10:05
   size of file: 2825
./release/paper/paper.pdf:
   modified on: 06 Oct 2020 21:10:02
   size of file: 43286
./release/paper/online_appendix.pdf:
   modified on: 06 Oct 2020 21:09:59
   size of file: 31444
./release/paper/ondeck.pdf:
   modified on: 06 Oct 2020 21:09:58
   size of file: 18067
./release/paper/sconscript.log:
   modified on: 06 Oct 2020 21:10:02
   size of file: 321
./release/paper/text.pdf:
   modified on: 06 Oct 2020 21:10:02
   size of file: 18067
./release/talk/slides.pdf:
   modified on: 06 Oct 2020 21:10:05
   size of file: 21910
./release/talk/sconscript.log:
   modified on: 06 Oct 2020 21:10:05
   size of file: 550
./build/paper/paper.pdf:
   modified on: 06 Oct 2020 21:10:02
   size of file: 43286
./build/paper/online_appendix.pdf:
   modified on: 06 Oct 2020 21:09:59
   size of file: 31444
./build/paper/ondeck.pdf:
   modified on: 06 Oct 2020 21:09:58
   size of file: 18067
./build/paper/sconscript.log:
   modified on: 06 Oct 2020 21:10:02
   size of file: 321
./build/paper/text.pdf:
   modified on: 06 Oct 2020 21:10:02
   size of file: 18067
./build/tables/sconscript.log:
   modified on: 06 Oct 2020 21:09:59
   size of file: 154
./build/tables/table.lyx:
   modified on: 06 Oct 2020 21:09:59
   size of file: 4094
./build/talk/slides.pdf:
   modified on: 06 Oct 2020 21:10:05
   size of file: 21910
./build/talk/sconscript.log:
   modified on: 06 Oct 2020 21:10:05
   size of file: 550
